build/app/intermediates/manifest_merge_blame_file/debug/manifest-merger-blame-debug-report.txt
1<?xml version="1.0" encoding="utf-8"?>
2<manifest xmlns:android="http://schemas.android.com/apk/res/android"
3    package="com.kenali.sister"
4    android:versionCode="3"
5    android:versionName="1.0.0" >
6
7    <uses-sdk
8        android:minSdkVersion="21"
9        android:targetSdkVersion="33" />
10    <!--
11         The INTERNET permission is required for development. Specifically,
12         the Flutter tool needs it to communicate with the running application
13         to allow setting breakpoints, to provide hot reload, etc.
14    -->
15    <uses-permission android:name="android.permission.INTERNET" />
15-->src\main\AndroidManifest.xml:5:5-67
15-->src\main\AndroidManifest.xml:5:22-64
16    <uses-permission android:name="android.permission.VIBRATE" />
16-->src\main\AndroidManifest.xml:6:5-65
16-->src\main\AndroidManifest.xml:6:22-63
17    <uses-permission android:name="android.permission.CAMERA" />
17-->src\main\AndroidManifest.xml:7:5-65
17-->src\main\AndroidManifest.xml:7:22-62
18
19    <uses-feature android:name="android.hardware.camera" />
19-->src\main\AndroidManifest.xml:8:5-60
19-->src\main\AndroidManifest.xml:8:19-57
20    <uses-feature android:name="android.hardware.camera.autofocus" />
20-->src\main\AndroidManifest.xml:9:5-70
20-->src\main\AndroidManifest.xml:9:19-67
21
22    <uses-permission android:name="android.permission.WRITE_EXTERNAL_STORAGE" />
22-->src\main\AndroidManifest.xml:10:5-80
22-->src\main\AndroidManifest.xml:10:22-78
23    <uses-permission android:name="android.permission.RECEIVE_BOOT_COMPLETED" />
23-->src\main\AndroidManifest.xml:11:5-81
23-->src\main\AndroidManifest.xml:11:22-78
24    <uses-permission android:name="android.permission.WRITE_EXTERNAL_STORAGE" />
24-->src\main\AndroidManifest.xml:10:5-80
24-->src\main\AndroidManifest.xml:10:22-78
25    <uses-permission android:name="android.permission.READ_EXTERNAL_STORAGE" />
25-->src\main\AndroidManifest.xml:13:5-80
25-->src\main\AndroidManifest.xml:13:22-77
26    <uses-permission android:name="android.permission.MANAGE_EXTERNAL_STORAGE" />
26-->src\main\AndroidManifest.xml:14:5-82
26-->src\main\AndroidManifest.xml:14:22-79
27    <uses-permission android:name="android.permission.FOREGROUND_SERVICE" />
27-->src\main\AndroidManifest.xml:15:5-77
27-->src\main\AndroidManifest.xml:15:22-74
28    <uses-permission android:name="android.permission.ACCESS_BACKGROUND_LOCATION" />
28-->src\main\AndroidManifest.xml:16:5-84
28-->src\main\AndroidManifest.xml:16:22-82
29    <uses-permission android:name="android.permission.ACCESS_FINE_LOCATION" />
29-->src\main\AndroidManifest.xml:17:5-79
29-->src\main\AndroidManifest.xml:17:22-76
30    <uses-permission android:name="android.permission.ACCESS_COARSE_LOCATION" />
30-->src\main\AndroidManifest.xml:18:5-81
30-->src\main\AndroidManifest.xml:18:22-78
31
32    <uses-feature android:name="android.hardware.usb.host" />
32-->[:flutter_usb_printer] AndroidManifest.xml:9:5-62
32-->[:flutter_usb_printer] AndroidManifest.xml:9:19-59
33
34    <uses-permission android:name="android.permission.RECORD_AUDIO" />
34-->[:camera_android] AndroidManifest.xml:10:5-71
34-->[:camera_android] AndroidManifest.xml:10:22-68
35
36    <permission
36-->[androidx.core:core:1.10.1] AndroidManifest.xml:22:5-24:47
37        android:name="com.kenali.sister.DYNAMIC_RECEIVER_NOT_EXPORTED_PERMISSION"
37-->[androidx.core:core:1.10.1] AndroidManifest.xml:23:9-81
38        android:protectionLevel="signature" />
38-->[androidx.core:core:1.10.1] AndroidManifest.xml:24:9-44
39
40    <uses-permission android:name="com.kenali.sister.DYNAMIC_RECEIVER_NOT_EXPORTED_PERMISSION" />
40-->[androidx.core:core:1.10.1] AndroidManifest.xml:26:5-97
40-->[androidx.core:core:1.10.1] AndroidManifest.xml:26:22-94
41
42    <application
43        android:name="android.app.Application"
44        android:appComponentFactory="androidx.core.app.CoreComponentFactory"
44-->[androidx.core:core:1.10.1] AndroidManifest.xml:28:18-86
45        android:debuggable="true"
46        android:icon="@mipmap/ic_launcher"
47        android:label="Pajak Alat Berat" >
48        <activity
49            android:name="com.kenali.sister.MainActivity"
50            android:configChanges="orientation|keyboardHidden|keyboard|screenSize|smallestScreenSize|locale|layoutDirection|fontScale|screenLayout|density|uiMode"
51            android:exported="true"
52            android:hardwareAccelerated="true"
53            android:launchMode="singleTop"
54            android:theme="@style/LaunchTheme"
55            android:windowSoftInputMode="adjustResize" >
56
57            <!--
58                 Specifies an Android theme to apply to this Activity as soon as
59                 the Android process has started. This theme is visible to the user
60                 while the Flutter UI initializes. After that, this theme continues
61                 to determine the Window background behind the Flutter UI.
62            -->
63            <meta-data
64                android:name="io.flutter.embedding.android.NormalTheme"
65                android:resource="@style/NormalTheme" />
66
67            <intent-filter>
68                <action android:name="android.intent.action.MAIN" />
69
70                <category android:name="android.intent.category.LAUNCHER" />
71            </intent-filter>
72        </activity>
73        <!--
74             Don't delete the meta-data below.
75             This is used by the Flutter tool to generate GeneratedPluginRegistrant.java
76        -->
77        <meta-data
78            android:name="flutterEmbedding"
79            android:value="2" />
80
81        <service
81-->[:geolocator_android] AndroidManifest.xml:10:9-14:56
82            android:name="com.baseflow.geolocator.GeolocatorLocationService"
82-->[:geolocator_android] AndroidManifest.xml:11:13-77
83            android:enabled="true"
83-->[:geolocator_android] AndroidManifest.xml:12:13-35
84            android:exported="false"
84-->[:geolocator_android] AndroidManifest.xml:13:13-37
85            android:foregroundServiceType="location" />
85-->[:geolocator_android] AndroidManifest.xml:14:13-53
86
87        <activity
87-->[:url_launcher_android] AndroidManifest.xml:10:9-13:74
88            android:name="io.flutter.plugins.urllauncher.WebViewActivity"
88-->[:url_launcher_android] AndroidManifest.xml:11:13-74
89            android:exported="false"
89-->[:url_launcher_android] AndroidManifest.xml:12:13-37
90            android:theme="@android:style/Theme.NoTitleBar.Fullscreen" />
90-->[:url_launcher_android] AndroidManifest.xml:13:13-71
91
92        <provider
92-->[:printing] AndroidManifest.xml:10:9-18:20
93            android:name="net.nfet.flutter.printing.PrintFileProvider"
93-->[:printing] AndroidManifest.xml:11:13-71
94            android:authorities="com.kenali.sister.flutter.printing"
94-->[:printing] AndroidManifest.xml:12:13-68
95            android:exported="false"
95-->[:printing] AndroidManifest.xml:13:13-37
96            android:grantUriPermissions="true" >
96-->[:printing] AndroidManifest.xml:14:13-47
97            <meta-data
97-->[:printing] AndroidManifest.xml:15:13-17:71
98                android:name="android.support.FILE_PROVIDER_PATHS"
98-->[:printing] AndroidManifest.xml:16:17-67
99                android:resource="@xml/flutter_printing_file_paths" />
99-->[:printing] AndroidManifest.xml:17:17-68
100        </provider>
101        <provider
101-->[:imin_printer] AndroidManifest.xml:13:9-16:50
102            android:name="com.imin.printer.imin_printer.MyProvider"
102-->[:imin_printer] AndroidManifest.xml:14:13-68
103            android:authorities="com.imin.printer.imin_printer" />
103-->[:imin_printer] AndroidManifest.xml:15:13-64
104
105        <uses-library
105-->[androidx.window:window:1.0.0-beta04] AndroidManifest.xml:25:9-27:40
106            android:name="androidx.window.extensions"
106-->[androidx.window:window:1.0.0-beta04] AndroidManifest.xml:26:13-54
107            android:required="false" />
107-->[androidx.window:window:1.0.0-beta04] AndroidManifest.xml:27:13-37
108        <uses-library
108-->[androidx.window:window:1.0.0-beta04] AndroidManifest.xml:28:9-30:40
109            android:name="androidx.window.sidecar"
109-->[androidx.window:window:1.0.0-beta04] AndroidManifest.xml:29:13-51
110            android:required="false" />
110-->[androidx.window:window:1.0.0-beta04] AndroidManifest.xml:30:13-37
111
112        <activity
112-->[com.google.android.gms:play-services-base:18.1.0] AndroidManifest.xml:20:9-22:45
113            android:name="com.google.android.gms.common.api.GoogleApiActivity"
113-->[com.google.android.gms:play-services-base:18.1.0] AndroidManifest.xml:20:19-85
114            android:exported="false"
114-->[com.google.android.gms:play-services-base:18.1.0] AndroidManifest.xml:22:19-43
115            android:theme="@android:style/Theme.Translucent.NoTitleBar" />
115-->[com.google.android.gms:play-services-base:18.1.0] AndroidManifest.xml:21:19-78
116
117        <meta-data
117-->[com.google.android.gms:play-services-basement:18.1.0] AndroidManifest.xml:21:9-23:69
118            android:name="com.google.android.gms.version"
118-->[com.google.android.gms:play-services-basement:18.1.0] AndroidManifest.xml:22:13-58
119            android:value="@integer/google_play_services_version" />
119-->[com.google.android.gms:play-services-basement:18.1.0] AndroidManifest.xml:23:13-66
120    </application>
121
122</manifest>